<?xml version="1.0" encoding="UTF-8"?>
<testng-results skipped="0" failed="0" ignored="0" total="1" passed="1">
  <reporter-output>
  </reporter-output>
  <suite name="UccMedSuit1" duration-ms="27675" started-at="2020-08-18T20:53:21Z" finished-at="2020-08-18T20:53:49Z">
    <groups>
    </groups>
    <test name="UccMed Test1" duration-ms="27675" started-at="2020-08-18T20:53:21Z" finished-at="2020-08-18T20:53:49Z">
      <class name="com.UccMed.testCases.TC_001_LoginTest">
        <test-method status="PASS" signature="setup(java.lang.String)[pri:0, instance:com.UccMed.testCases.TC_001_LoginTest@731f8236]" name="setup" is-config="true" duration-ms="14465" started-at="2020-08-18T20:53:21Z" finished-at="2020-08-18T20:53:35Z">
          <params>
            <param index="0">
              <value>
                <![CDATA[chrome]]>
              </value>
            </param>
          </params>
          <reporter-output>
          </reporter-output>
        </test-method> <!-- setup -->
        <test-method status="PASS" signature="validLoginTest()[pri:1, instance:com.UccMed.testCases.TC_001_LoginTest@731f8236]" name="validLoginTest" duration-ms="13003" started-at="2020-08-18T20:53:35Z" description="verifying test" finished-at="2020-08-18T20:53:48Z">
          <reporter-output>
          </reporter-output>
        </test-method> <!-- validLoginTest -->
        <test-method status="PASS" signature="tearDown()[pri:0, instance:com.UccMed.testCases.TC_001_LoginTest@731f8236]" name="tearDown" is-config="true" duration-ms="115" started-at="2020-08-18T20:53:49Z" finished-at="2020-08-18T20:53:49Z">
          <reporter-output>
          </reporter-output>
        </test-method> <!-- tearDown -->
      </class> <!-- com.UccMed.testCases.TC_001_LoginTest -->
    </test> <!-- UccMed Test1 -->
  </suite> <!-- UccMedSuit1 -->
</testng-results>
